{
  "RSpec": {
    "coverage": {
      "/Users/stuartauld/apps-personal/boozetracker/booze_tracker.rb": [
        null,
        1,
        1,
        1,
        1,
        1,
        1,
        null,
        null,
        1,
        1,
        1,
        null,
        null,
        1,
        1,
        null,
        null,
        1,
        null,
        1,
        1,
        null,
        null,
        1,
        1,
        null,
        null,
        1,
        1,
        null,
        1,
        1,
        null,
        1,
        1,
        1,
        1,
        1,
        1,
        null,
        null,
        1,
        1,
        8,
        null,
        null,
        null,
        null,
        null,
        1,
        1,
        1,
        0,
        0
      ],
      "/Users/stuartauld/apps-personal/boozetracker/lib/cache.rb": [
        null,
        1,
        1,
        null,
        null,
        1,
        0,
        null,
        null,
        null,
        1,
        null,
        null,
        null,
        null,
        0,
        null,
        null
      ],
      "/Users/stuartauld/apps-personal/boozetracker/lib/score.rb": [
        null,
        1,
        1,
        null,
        1,
        1,
        1,
        null,
        null,
        null,
        null,
        null,
        1,
        0,
        null,
        null,
        null,
        null,
        null,
        null,
        1,
        0,
        0,
        null,
        null,
        0,
        null,
        null,
        null
      ],
      "/Users/stuartauld/apps-personal/boozetracker/config/environments.rb": [
        1,
        0,
        0,
        null,
        null,
        1,
        1,
        1,
        null,
        null,
        1,
        0,
        null,
        0,
        0,
        null,
        null,
        null,
        null,
        null,
        null,
        null
      ],
      "/Users/stuartauld/apps-personal/boozetracker/extensions/google_oauth2.rb": [
        null,
        1,
        1,
        1,
        1,
        0,
        null,
        1,
        0,
        null,
        null
      ],
      "/Users/stuartauld/apps-personal/boozetracker/routes/init.rb": [
        null,
        null,
        null,
        null,
        null,
        null,
        null,
        null,
        null,
        null,
        null,
        null,
        null
      ]
    },
    "timestamp": 1483488409
  }
}
